<?xml version="1.0" encoding="UTF-8"?>
<!-- Generated by org.testng.reporters.JUnitReportReporter -->
<testsuite hostname="Kishore" failures="0" tests="1" name="com.example.testng.TestNG.AppTest" time="0.012" errors="0" timestamp="2023-03-28T12:57:14 IST" skipped="0">
  <testcase classname="com.example.testng.TestNG.AppTest" name="shouldAnswerWithTrue" time="0.012"/>
  <system-out/>
</testsuite> <!-- com.example.testng.TestNG.AppTest -->
