<?xml version="1.0" encoding="UTF-8"?>
<!-- Generated by org.testng.reporters.JUnitReportReporter -->
<testsuite hostname="Kishore" failures="0" tests="1" name="com.example.testng.TestNG.TestNGTaskFiveTwo" time="0.597" errors="0" timestamp="2023-03-28T19:01:20 IST" skipped="0">
  <testcase classname="com.example.testng.TestNG.TestNGTaskFiveTwo" name="DomainNameSearch" time="0.597"/>
  <system-out/>
</testsuite> <!-- com.example.testng.TestNG.TestNGTaskFiveTwo -->
