<?xml version="1.0" encoding="UTF-8"?>
<!-- Generated by org.testng.reporters.JUnitReportReporter -->
<testsuite hostname="Kishore" failures="0" tests="1" name="com.example.testng.TestNG.TestNGTaskOne" time="0.009" errors="0" timestamp="2023-03-28T15:05:42 IST" skipped="0">
  <testcase classname="com.example.testng.TestNG.TestNGTaskOne" name="asserttitle" time="0.009"/>
  <system-out/>
</testsuite> <!-- com.example.testng.TestNG.TestNGTaskOne -->
