<?xml version="1.0" encoding="UTF-8"?>
<!-- Generated by org.testng.reporters.JUnitReportReporter -->
<testsuite hostname="Kishore" failures="0" tests="4" name="com.example.testng.TestNG.TestNGTaskTwoCalculator" time="28.344" errors="0" timestamp="2023-03-28T17:46:55 IST" skipped="0">
  <testcase classname="com.example.testng.TestNG.TestNGTaskTwoCalculator" name="testAddition" time="6.400"/>
  <system-out/>
  <testcase classname="com.example.testng.TestNG.TestNGTaskTwoCalculator" name="testSubtraction" time="8.798"/>
  <system-out/>
  <testcase classname="com.example.testng.TestNG.TestNGTaskTwoCalculator" name="testMultiplication" time="5.219"/>
  <system-out/>
  <testcase classname="com.example.testng.TestNG.TestNGTaskTwoCalculator" name="testDivision" time="7.927"/>
  <system-out/>
</testsuite> <!-- com.example.testng.TestNG.TestNGTaskTwoCalculator -->
