<?xml version="1.0" encoding="UTF-8"?>
<!-- Generated by org.testng.reporters.JUnitReportReporter -->
<testsuite hostname="Kishore" failures="0" tests="2" name="com.example.testng.TestNG.TestNGTaskFour" time="4.727" errors="0" timestamp="2023-03-28T18:26:35 IST" skipped="0">
  <testcase classname="com.example.testng.TestNG.TestNGTaskFour" name="CheckLogoutFunction" time="4.676"/>
  <system-out/>
  <testcase classname="com.example.testng.TestNG.TestNGTaskFour" name="PageLoad" time="0.051"/>
  <system-out/>
</testsuite> <!-- com.example.testng.TestNG.TestNGTaskFour -->
