<?xml version="1.0" encoding="UTF-8"?>
<!-- Generated by org.testng.reporters.JUnitReportReporter -->
<testsuite hostname="Kishore" failures="0" tests="1" name="com.example.testng.TestNG.TestNGTaskThree" time="0.659" errors="0" timestamp="2023-03-28T15:28:47 IST" skipped="0">
  <testcase classname="com.example.testng.TestNG.TestNGTaskThree" name="f" time="0.659"/>
  <system-out/>
</testsuite> <!-- com.example.testng.TestNG.TestNGTaskThree -->
