<?xml version="1.0" encoding="UTF-8"?>
<!-- Generated by org.testng.reporters.JUnitReportReporter -->
<testsuite hostname="Kishore" failures="0" tests="1" name="com.example.testng.TestNG.TestNGTaskFiveOne" time="0.433" errors="0" timestamp="2023-03-28T18:38:58 IST" skipped="0">
  <testcase classname="com.example.testng.TestNG.TestNGTaskFiveOne" name="ValidateTitleAndUrl" time="0.433"/>
  <system-out/>
</testsuite> <!-- com.example.testng.TestNG.TestNGTaskFiveOne -->
