<?xml version="1.0" encoding="UTF-8"?>
<!-- Generated by org.testng.reporters.JUnitReportReporter -->
<testsuite hostname="Kishore" failures="0" tests="1" name="com.example.testng.TestNG.TestNGTaskFiveTwo" time="0.830" errors="0" timestamp="2023-04-01T15:47:55 IST" skipped="0">
  <testcase classname="com.example.testng.TestNG.TestNGTaskFiveTwo" name="DomainNameSearch" time="0.830"/>
  <system-out/>
</testsuite> <!-- com.example.testng.TestNG.TestNGTaskFiveTwo -->
